<?xml version="1.0" encoding="UTF-8"?>
<testng-results skipped="0" failed="0" total="1" passed="1">
  <reporter-output>
  </reporter-output>
  <suite name="Suite" duration-ms="22607" started-at="2021-01-05T09:47:06Z" finished-at="2021-01-05T09:47:28Z">
    <groups>
    </groups>
    <test name="Test" duration-ms="22607" started-at="2021-01-05T09:47:06Z" finished-at="2021-01-05T09:47:28Z">
      <class name="com.Metro.SeleniumJenkins.App">
        <test-method status="PASS" signature="setUp()[pri:0, instance:com.Metro.SeleniumJenkins.App@49e202ad]" name="setUp" is-config="true" duration-ms="3955" started-at="2021-01-05T15:17:06Z" finished-at="2021-01-05T15:17:10Z">
          <reporter-output>
          </reporter-output>
        </test-method> <!-- setUp -->
        <test-method status="PASS" signature="fblogin()[pri:0, instance:com.Metro.SeleniumJenkins.App@49e202ad]" name="fblogin" duration-ms="18343" started-at="2021-01-05T15:17:10Z" finished-at="2021-01-05T15:17:28Z">
          <reporter-output>
          </reporter-output>
        </test-method> <!-- fblogin -->
        <test-method status="PASS" signature="quitBrowser()[pri:0, instance:com.Metro.SeleniumJenkins.App@49e202ad]" name="quitBrowser" is-config="true" duration-ms="300" started-at="2021-01-05T15:17:28Z" finished-at="2021-01-05T15:17:28Z">
          <reporter-output>
          </reporter-output>
        </test-method> <!-- quitBrowser -->
      </class> <!-- com.Metro.SeleniumJenkins.App -->
    </test> <!-- Test -->
  </suite> <!-- Suite -->
</testng-results>
