<?xml version="1.0" encoding="UTF-8"?>
<testng-results skipped="0" failed="0" ignored="0" total="1" passed="1">
  <reporter-output>
  </reporter-output>
  <suite name="Suite" duration-ms="31141" started-at="2021-01-05T15:08:08 IST" finished-at="2021-01-05T15:08:40 IST">
    <groups>
    </groups>
    <test name="Test" duration-ms="31141" started-at="2021-01-05T15:08:08 IST" finished-at="2021-01-05T15:08:40 IST">
      <class name="com.Metro.SeleniumJenkins.App">
        <test-method status="PASS" signature="setUp()[pri:0, instance:com.Metro.SeleniumJenkins.App@7c29daf3]" name="setUp" is-config="true" duration-ms="8084" started-at="2021-01-05T15:08:08 IST" finished-at="2021-01-05T15:08:17 IST">
          <reporter-output>
          </reporter-output>
        </test-method> <!-- setUp -->
        <test-method status="PASS" signature="fblogin()[pri:0, instance:com.Metro.SeleniumJenkins.App@7c29daf3]" name="fblogin" duration-ms="22821" started-at="2021-01-05T15:08:17 IST" finished-at="2021-01-05T15:08:39 IST">
          <reporter-output>
          </reporter-output>
        </test-method> <!-- fblogin -->
        <test-method status="PASS" signature="quitBrowser()[pri:0, instance:com.Metro.SeleniumJenkins.App@7c29daf3]" name="quitBrowser" is-config="true" duration-ms="122" started-at="2021-01-05T15:08:39 IST" finished-at="2021-01-05T15:08:40 IST">
          <reporter-output>
          </reporter-output>
        </test-method> <!-- quitBrowser -->
      </class> <!-- com.Metro.SeleniumJenkins.App -->
    </test> <!-- Test -->
  </suite> <!-- Suite -->
</testng-results>
